<?xml version="1.0" encoding="UTF-8"?>
<robot generator="Robot 5.0 (Python 3.10.4 on win32)" generated="20220410 15:18:20.853" rpa="false" schemaversion="3">
<suite id="s1" name="Hospital" source="C:\Users\sridh\PycharmProjects\Robot Framework\Tests\Hospital\FuctionalTestSuite\hospital.robot">
<test id="s1-t1" name="1:Admin Login Test" line="8">
<kw name="Open Browser" library="SeleniumLibrary">
<arg>${web_url}</arg>
<arg>chrome</arg>
<doc>Opens a new browser instance to the optional ``url``.</doc>
<msg timestamp="20220410 15:18:21.173" level="INFO">Opening browser 'chrome' to base url 'http://127.0.0.1:5000'.</msg>
<status status="PASS" starttime="20220410 15:18:21.173" endtime="20220410 15:18:22.577"/>
</kw>
<kw name="Sleep" library="BuiltIn">
<arg>1s</arg>
<doc>Pauses the test executed for the given time.</doc>
<msg timestamp="20220410 15:18:23.585" level="INFO">Slept 1 second</msg>
<status status="PASS" starttime="20220410 15:18:22.577" endtime="20220410 15:18:23.585"/>
</kw>
<kw name="Test 1 admname">
<kw name="Input Text" library="SeleniumLibrary">
<arg>name:username</arg>
<arg>admin</arg>
<doc>Types the given ``text`` into the text field identified by ``locator``.</doc>
<msg timestamp="20220410 15:18:23.585" level="INFO">Typing text 'admin' into text field 'name:username'.</msg>
<status status="PASS" starttime="20220410 15:18:23.585" endtime="20220410 15:18:23.685"/>
</kw>
<status status="PASS" starttime="20220410 15:18:23.585" endtime="20220410 15:18:23.685"/>
</kw>
<kw name="Test 1 Admpass">
<kw name="Input Text" library="SeleniumLibrary">
<arg>name:password</arg>
<arg>12345</arg>
<doc>Types the given ``text`` into the text field identified by ``locator``.</doc>
<msg timestamp="20220410 15:18:23.685" level="INFO">Typing text '12345' into text field 'name:password'.</msg>
<status status="PASS" starttime="20220410 15:18:23.685" endtime="20220410 15:18:23.789"/>
</kw>
<status status="PASS" starttime="20220410 15:18:23.685" endtime="20220410 15:18:23.789"/>
</kw>
<kw name="Sleep" library="BuiltIn">
<arg>1s</arg>
<doc>Pauses the test executed for the given time.</doc>
<msg timestamp="20220410 15:18:24.796" level="INFO">Slept 1 second</msg>
<status status="PASS" starttime="20220410 15:18:23.789" endtime="20220410 15:18:24.796"/>
</kw>
<kw name="Click Button" library="SeleniumLibrary">
<arg>xpath=//html/body/div/div/div/form/table/tbody/tr[3]/td[2]/button</arg>
<doc>Clicks the button identified by ``locator``.</doc>
<msg timestamp="20220410 15:18:24.796" level="INFO">Clicking button 'xpath=//html/body/div/div/div/form/table/tbody/tr[3]/td[2]/button'.</msg>
<status status="PASS" starttime="20220410 15:18:24.796" endtime="20220410 15:18:24.968"/>
</kw>
<kw name="Sleep" library="BuiltIn">
<arg>1s</arg>
<doc>Pauses the test executed for the given time.</doc>
<msg timestamp="20220410 15:18:25.981" level="INFO">Slept 1 second</msg>
<status status="PASS" starttime="20220410 15:18:24.968" endtime="20220410 15:18:25.981"/>
</kw>
<kw name="Close Browser" library="SeleniumLibrary">
<doc>Closes the current browser.</doc>
<status status="PASS" starttime="20220410 15:18:25.981" endtime="20220410 15:18:28.210"/>
</kw>
<doc>This test is for admin login</doc>
<tag>admin</tag>
<status status="PASS" starttime="20220410 15:18:21.173" endtime="20220410 15:18:28.210"/>
</test>
<test id="s1-t2" name="2:Add Patient test" line="20">
<kw name="Open Browser" library="SeleniumLibrary">
<arg>${web_url}</arg>
<arg>chrome</arg>
<doc>Opens a new browser instance to the optional ``url``.</doc>
<msg timestamp="20220410 15:18:28.214" level="INFO">Opening browser 'chrome' to base url 'http://127.0.0.1:5000'.</msg>
<status status="PASS" starttime="20220410 15:18:28.214" endtime="20220410 15:18:29.804"/>
</kw>
<kw name="Sleep" library="BuiltIn">
<arg>2s</arg>
<doc>Pauses the test executed for the given time.</doc>
<msg timestamp="20220410 15:18:31.811" level="INFO">Slept 2 seconds</msg>
<status status="PASS" starttime="20220410 15:18:29.804" endtime="20220410 15:18:31.811"/>
</kw>
<kw name="Test 1 admname">
<kw name="Input Text" library="SeleniumLibrary">
<arg>name:username</arg>
<arg>admin</arg>
<doc>Types the given ``text`` into the text field identified by ``locator``.</doc>
<msg timestamp="20220410 15:18:31.811" level="INFO">Typing text 'admin' into text field 'name:username'.</msg>
<status status="PASS" starttime="20220410 15:18:31.811" endtime="20220410 15:18:31.935"/>
</kw>
<status status="PASS" starttime="20220410 15:18:31.811" endtime="20220410 15:18:31.935"/>
</kw>
<kw name="Test 1 Admpass">
<kw name="Input Text" library="SeleniumLibrary">
<arg>name:password</arg>
<arg>12345</arg>
<doc>Types the given ``text`` into the text field identified by ``locator``.</doc>
<msg timestamp="20220410 15:18:31.935" level="INFO">Typing text '12345' into text field 'name:password'.</msg>
<status status="PASS" starttime="20220410 15:18:31.935" endtime="20220410 15:18:32.047"/>
</kw>
<status status="PASS" starttime="20220410 15:18:31.935" endtime="20220410 15:18:32.047"/>
</kw>
<kw name="Sleep" library="BuiltIn">
<arg>1s</arg>
<doc>Pauses the test executed for the given time.</doc>
<msg timestamp="20220410 15:18:33.059" level="INFO">Slept 1 second</msg>
<status status="PASS" starttime="20220410 15:18:32.051" endtime="20220410 15:18:33.059"/>
</kw>
<kw name="Click Button" library="SeleniumLibrary">
<arg>xpath=//html/body/div/div/div/form/table/tbody/tr[3]/td[2]/button</arg>
<doc>Clicks the button identified by ``locator``.</doc>
<msg timestamp="20220410 15:18:33.059" level="INFO">Clicking button 'xpath=//html/body/div/div/div/form/table/tbody/tr[3]/td[2]/button'.</msg>
<status status="PASS" starttime="20220410 15:18:33.059" endtime="20220410 15:18:33.215"/>
</kw>
<kw name="Sleep" library="BuiltIn">
<arg>1s</arg>
<doc>Pauses the test executed for the given time.</doc>
<msg timestamp="20220410 15:18:34.217" level="INFO">Slept 1 second</msg>
<status status="PASS" starttime="20220410 15:18:33.215" endtime="20220410 15:18:34.217"/>
</kw>
<kw name="Test 2 Name">
<kw name="Input Text" library="SeleniumLibrary">
<arg>name:name</arg>
<arg>naren</arg>
<doc>Types the given ``text`` into the text field identified by ``locator``.</doc>
<msg timestamp="20220410 15:18:34.217" level="INFO">Typing text 'naren' into text field 'name:name'.</msg>
<status status="PASS" starttime="20220410 15:18:34.217" endtime="20220410 15:18:34.325"/>
</kw>
<status status="PASS" starttime="20220410 15:18:34.217" endtime="20220410 15:18:34.325"/>
</kw>
<kw name="Sleep" library="BuiltIn">
<arg>1s</arg>
<doc>Pauses the test executed for the given time.</doc>
<msg timestamp="20220410 15:18:35.339" level="INFO">Slept 1 second</msg>
<status status="PASS" starttime="20220410 15:18:34.325" endtime="20220410 15:18:35.339"/>
</kw>
<kw name="Test 2 MobileNumber">
<kw name="Input Text" library="SeleniumLibrary">
<arg>name:mobnumber</arg>
<arg>34567</arg>
<doc>Types the given ``text`` into the text field identified by ``locator``.</doc>
<msg timestamp="20220410 15:18:35.339" level="INFO">Typing text '34567' into text field 'name:mobnumber'.</msg>
<status status="PASS" starttime="20220410 15:18:35.339" endtime="20220410 15:18:35.423"/>
</kw>
<status status="PASS" starttime="20220410 15:18:35.339" endtime="20220410 15:18:35.423"/>
</kw>
<kw name="Sleep" library="BuiltIn">
<arg>1s</arg>
<doc>Pauses the test executed for the given time.</doc>
<msg timestamp="20220410 15:18:36.431" level="INFO">Slept 1 second</msg>
<status status="PASS" starttime="20220410 15:18:35.423" endtime="20220410 15:18:36.431"/>
</kw>
<kw name="Test 2 Age">
<kw name="Input Text" library="SeleniumLibrary">
<arg>name:age</arg>
<arg>40</arg>
<doc>Types the given ``text`` into the text field identified by ``locator``.</doc>
<msg timestamp="20220410 15:18:36.431" level="INFO">Typing text '40' into text field 'name:age'.</msg>
<status status="PASS" starttime="20220410 15:18:36.431" endtime="20220410 15:18:36.547"/>
</kw>
<status status="PASS" starttime="20220410 15:18:36.431" endtime="20220410 15:18:36.547"/>
</kw>
<kw name="Sleep" library="BuiltIn">
<arg>1s</arg>
<doc>Pauses the test executed for the given time.</doc>
<msg timestamp="20220410 15:18:37.565" level="INFO">Slept 1 second</msg>
<status status="PASS" starttime="20220410 15:18:36.547" endtime="20220410 15:18:37.565"/>
</kw>
<kw name="Test 2 Address">
<kw name="Input Text" library="SeleniumLibrary">
<arg>name:address</arg>
<arg>chennai</arg>
<doc>Types the given ``text`` into the text field identified by ``locator``.</doc>
<msg timestamp="20220410 15:18:37.565" level="INFO">Typing text 'chennai' into text field 'name:address'.</msg>
<status status="PASS" starttime="20220410 15:18:37.565" endtime="20220410 15:18:37.689"/>
</kw>
<status status="PASS" starttime="20220410 15:18:37.565" endtime="20220410 15:18:37.689"/>
</kw>
<kw name="Sleep" library="BuiltIn">
<arg>1s</arg>
<doc>Pauses the test executed for the given time.</doc>
<msg timestamp="20220410 15:18:38.692" level="INFO">Slept 1 second</msg>
<status status="PASS" starttime="20220410 15:18:37.689" endtime="20220410 15:18:38.692"/>
</kw>
<kw name="Test 2 Dob">
<kw name="Input Text" library="SeleniumLibrary">
<arg>name:dob</arg>
<arg>19.01.2001</arg>
<doc>Types the given ``text`` into the text field identified by ``locator``.</doc>
<msg timestamp="20220410 15:18:38.692" level="INFO">Typing text '19.01.2001' into text field 'name:dob'.</msg>
<status status="PASS" starttime="20220410 15:18:38.692" endtime="20220410 15:18:38.815"/>
</kw>
<status status="PASS" starttime="20220410 15:18:38.692" endtime="20220410 15:18:38.815"/>
</kw>
<kw name="Sleep" library="BuiltIn">
<arg>1s</arg>
<doc>Pauses the test executed for the given time.</doc>
<msg timestamp="20220410 15:18:39.820" level="INFO">Slept 1 second</msg>
<status status="PASS" starttime="20220410 15:18:38.819" endtime="20220410 15:18:39.820"/>
</kw>
<kw name="Test 2 Place">
<kw name="Input Text" library="SeleniumLibrary">
<arg>name:place</arg>
<arg>chennai</arg>
<doc>Types the given ``text`` into the text field identified by ``locator``.</doc>
<msg timestamp="20220410 15:18:39.820" level="INFO">Typing text 'chennai' into text field 'name:place'.</msg>
<status status="PASS" starttime="20220410 15:18:39.820" endtime="20220410 15:18:39.940"/>
</kw>
<status status="PASS" starttime="20220410 15:18:39.820" endtime="20220410 15:18:39.940"/>
</kw>
<kw name="Sleep" library="BuiltIn">
<arg>1s</arg>
<doc>Pauses the test executed for the given time.</doc>
<msg timestamp="20220410 15:18:40.956" level="INFO">Slept 1 second</msg>
<status status="PASS" starttime="20220410 15:18:39.944" endtime="20220410 15:18:40.956"/>
</kw>
<kw name="Test 2 Pincode">
<kw name="Input Text" library="SeleniumLibrary">
<arg>name:pincode</arg>
<arg>590068</arg>
<doc>Types the given ``text`` into the text field identified by ``locator``.</doc>
<msg timestamp="20220410 15:18:40.956" level="INFO">Typing text '590068' into text field 'name:pincode'.</msg>
<status status="PASS" starttime="20220410 15:18:40.956" endtime="20220410 15:18:41.084"/>
</kw>
<status status="PASS" starttime="20220410 15:18:40.956" endtime="20220410 15:18:41.084"/>
</kw>
<kw name="Sleep" library="BuiltIn">
<arg>1s</arg>
<doc>Pauses the test executed for the given time.</doc>
<msg timestamp="20220410 15:18:42.098" level="INFO">Slept 1 second</msg>
<status status="PASS" starttime="20220410 15:18:41.088" endtime="20220410 15:18:42.098"/>
</kw>
<kw name="Click Button" library="SeleniumLibrary">
<arg>xpath=//html/body/div/div/div/form/table/tbody/tr[8]/td[2]/button</arg>
<doc>Clicks the button identified by ``locator``.</doc>
<msg timestamp="20220410 15:18:42.098" level="INFO">Clicking button 'xpath=//html/body/div/div/div/form/table/tbody/tr[8]/td[2]/button'.</msg>
<status status="PASS" starttime="20220410 15:18:42.098" endtime="20220410 15:18:42.258"/>
</kw>
<kw name="Sleep" library="BuiltIn">
<arg>2s</arg>
<doc>Pauses the test executed for the given time.</doc>
<msg timestamp="20220410 15:18:44.270" level="INFO">Slept 2 seconds</msg>
<status status="PASS" starttime="20220410 15:18:42.258" endtime="20220410 15:18:44.270"/>
</kw>
<kw name="Close Browser" library="SeleniumLibrary">
<doc>Closes the current browser.</doc>
<status status="PASS" starttime="20220410 15:18:44.270" endtime="20220410 15:18:46.563"/>
</kw>
<doc>This test is to add a patient</doc>
<tag>admin</tag>
<status status="PASS" starttime="20220410 15:18:28.214" endtime="20220410 15:18:46.563"/>
</test>
<test id="s1-t3" name="3.View All Patients test" line="49">
<kw name="Open Browser" library="SeleniumLibrary">
<arg>${web_url}</arg>
<arg>chrome</arg>
<doc>Opens a new browser instance to the optional ``url``.</doc>
<msg timestamp="20220410 15:18:46.567" level="INFO">Opening browser 'chrome' to base url 'http://127.0.0.1:5000'.</msg>
<status status="PASS" starttime="20220410 15:18:46.563" endtime="20220410 15:18:47.923"/>
</kw>
<kw name="Sleep" library="BuiltIn">
<arg>2s</arg>
<doc>Pauses the test executed for the given time.</doc>
<msg timestamp="20220410 15:18:49.930" level="INFO">Slept 2 seconds</msg>
<status status="PASS" starttime="20220410 15:18:47.927" endtime="20220410 15:18:49.930"/>
</kw>
<kw name="Test 1 admname">
<kw name="Input Text" library="SeleniumLibrary">
<arg>name:username</arg>
<arg>admin</arg>
<doc>Types the given ``text`` into the text field identified by ``locator``.</doc>
<msg timestamp="20220410 15:18:49.930" level="INFO">Typing text 'admin' into text field 'name:username'.</msg>
<status status="PASS" starttime="20220410 15:18:49.930" endtime="20220410 15:18:50.054"/>
</kw>
<status status="PASS" starttime="20220410 15:18:49.930" endtime="20220410 15:18:50.054"/>
</kw>
<kw name="Test 1 Admpass">
<kw name="Input Text" library="SeleniumLibrary">
<arg>name:password</arg>
<arg>12345</arg>
<doc>Types the given ``text`` into the text field identified by ``locator``.</doc>
<msg timestamp="20220410 15:18:50.054" level="INFO">Typing text '12345' into text field 'name:password'.</msg>
<status status="PASS" starttime="20220410 15:18:50.054" endtime="20220410 15:18:50.166"/>
</kw>
<status status="PASS" starttime="20220410 15:18:50.054" endtime="20220410 15:18:50.166"/>
</kw>
<kw name="Sleep" library="BuiltIn">
<arg>1s</arg>
<doc>Pauses the test executed for the given time.</doc>
<msg timestamp="20220410 15:18:51.173" level="INFO">Slept 1 second</msg>
<status status="PASS" starttime="20220410 15:18:50.170" endtime="20220410 15:18:51.173"/>
</kw>
<kw name="Click Button" library="SeleniumLibrary">
<arg>xpath=//html/body/div/div/div/form/table/tbody/tr[3]/td[2]/button</arg>
<doc>Clicks the button identified by ``locator``.</doc>
<msg timestamp="20220410 15:18:51.173" level="INFO">Clicking button 'xpath=//html/body/div/div/div/form/table/tbody/tr[3]/td[2]/button'.</msg>
<status status="PASS" starttime="20220410 15:18:51.173" endtime="20220410 15:18:51.308"/>
</kw>
<kw name="Sleep" library="BuiltIn">
<arg>1s</arg>
<doc>Pauses the test executed for the given time.</doc>
<msg timestamp="20220410 15:18:52.317" level="INFO">Slept 1 second</msg>
<status status="PASS" starttime="20220410 15:18:51.308" endtime="20220410 15:18:52.317"/>
</kw>
<kw name="Click Element" library="SeleniumLibrary">
<arg>xpath=//html/body/nav[2]/div/div/ul/li[2]/a</arg>
<doc>Click the element identified by ``locator``.</doc>
<msg timestamp="20220410 15:18:52.317" level="INFO">Clicking element 'xpath=//html/body/nav[2]/div/div/ul/li[2]/a'.</msg>
<status status="PASS" starttime="20220410 15:18:52.317" endtime="20220410 15:18:52.417"/>
</kw>
<kw name="Sleep" library="BuiltIn">
<arg>2s</arg>
<doc>Pauses the test executed for the given time.</doc>
<msg timestamp="20220410 15:18:54.427" level="INFO">Slept 2 seconds</msg>
<status status="PASS" starttime="20220410 15:18:52.417" endtime="20220410 15:18:54.427"/>
</kw>
<kw name="Close Browser" library="SeleniumLibrary">
<doc>Closes the current browser.</doc>
<status status="PASS" starttime="20220410 15:18:54.427" endtime="20220410 15:18:56.728"/>
</kw>
<doc>This test is to add a patient</doc>
<tag>admin</tag>
<status status="PASS" starttime="20220410 15:18:46.563" endtime="20220410 15:18:56.728"/>
</test>
<test id="s1-t4" name="4.Search for Patient test" line="63">
<kw name="Open Browser" library="SeleniumLibrary">
<arg>${web_url}</arg>
<arg>chrome</arg>
<doc>Opens a new browser instance to the optional ``url``.</doc>
<msg timestamp="20220410 15:18:56.732" level="INFO">Opening browser 'chrome' to base url 'http://127.0.0.1:5000'.</msg>
<status status="PASS" starttime="20220410 15:18:56.728" endtime="20220410 15:18:58.092"/>
</kw>
<kw name="Sleep" library="BuiltIn">
<arg>2s</arg>
<doc>Pauses the test executed for the given time.</doc>
<msg timestamp="20220410 15:19:00.105" level="INFO">Slept 2 seconds</msg>
<status status="PASS" starttime="20220410 15:18:58.096" endtime="20220410 15:19:00.105"/>
</kw>
<kw name="Test 1 admname">
<kw name="Input Text" library="SeleniumLibrary">
<arg>name:username</arg>
<arg>admin</arg>
<doc>Types the given ``text`` into the text field identified by ``locator``.</doc>
<msg timestamp="20220410 15:19:00.105" level="INFO">Typing text 'admin' into text field 'name:username'.</msg>
<status status="PASS" starttime="20220410 15:19:00.105" endtime="20220410 15:19:00.205"/>
</kw>
<status status="PASS" starttime="20220410 15:19:00.105" endtime="20220410 15:19:00.209"/>
</kw>
<kw name="Test 1 Admpass">
<kw name="Input Text" library="SeleniumLibrary">
<arg>name:password</arg>
<arg>12345</arg>
<doc>Types the given ``text`` into the text field identified by ``locator``.</doc>
<msg timestamp="20220410 15:19:00.209" level="INFO">Typing text '12345' into text field 'name:password'.</msg>
<status status="PASS" starttime="20220410 15:19:00.209" endtime="20220410 15:19:00.305"/>
</kw>
<status status="PASS" starttime="20220410 15:19:00.209" endtime="20220410 15:19:00.305"/>
</kw>
<kw name="Sleep" library="BuiltIn">
<arg>1s</arg>
<doc>Pauses the test executed for the given time.</doc>
<msg timestamp="20220410 15:19:01.313" level="INFO">Slept 1 second</msg>
<status status="PASS" starttime="20220410 15:19:00.309" endtime="20220410 15:19:01.313"/>
</kw>
<kw name="Click Button" library="SeleniumLibrary">
<arg>xpath=//html/body/div/div/div/form/table/tbody/tr[3]/td[2]/button</arg>
<doc>Clicks the button identified by ``locator``.</doc>
<msg timestamp="20220410 15:19:01.313" level="INFO">Clicking button 'xpath=//html/body/div/div/div/form/table/tbody/tr[3]/td[2]/button'.</msg>
<status status="PASS" starttime="20220410 15:19:01.313" endtime="20220410 15:19:01.457"/>
</kw>
<kw name="Sleep" library="BuiltIn">
<arg>1s</arg>
<doc>Pauses the test executed for the given time.</doc>
<msg timestamp="20220410 15:19:02.465" level="INFO">Slept 1 second</msg>
<status status="PASS" starttime="20220410 15:19:01.457" endtime="20220410 15:19:02.465"/>
</kw>
<kw name="Click Element" library="SeleniumLibrary">
<arg>xpath=//html/body/nav[2]/div/div/ul/li[3]/a</arg>
<doc>Click the element identified by ``locator``.</doc>
<msg timestamp="20220410 15:19:02.465" level="INFO">Clicking element 'xpath=//html/body/nav[2]/div/div/ul/li[3]/a'.</msg>
<status status="PASS" starttime="20220410 15:19:02.465" endtime="20220410 15:19:02.565"/>
</kw>
<kw name="Sleep" library="BuiltIn">
<arg>2s</arg>
<doc>Pauses the test executed for the given time.</doc>
<msg timestamp="20220410 15:19:04.574" level="INFO">Slept 2 seconds</msg>
<status status="PASS" starttime="20220410 15:19:02.565" endtime="20220410 15:19:04.574"/>
</kw>
<kw name="Test 2 MobileNumber">
<kw name="Input Text" library="SeleniumLibrary">
<arg>name:mobnumber</arg>
<arg>34567</arg>
<doc>Types the given ``text`` into the text field identified by ``locator``.</doc>
<msg timestamp="20220410 15:19:04.574" level="INFO">Typing text '34567' into text field 'name:mobnumber'.</msg>
<status status="PASS" starttime="20220410 15:19:04.574" endtime="20220410 15:19:04.703"/>
</kw>
<status status="PASS" starttime="20220410 15:19:04.574" endtime="20220410 15:19:04.703"/>
</kw>
<kw name="Sleep" library="BuiltIn">
<arg>1s</arg>
<doc>Pauses the test executed for the given time.</doc>
<msg timestamp="20220410 15:19:05.706" level="INFO">Slept 1 second</msg>
<status status="PASS" starttime="20220410 15:19:04.703" endtime="20220410 15:19:05.706"/>
</kw>
<kw name="Click Button" library="SeleniumLibrary">
<arg>xpath=//html/body/div[2]/div/div/form/table/tbody/tr[2]/td[2]/button</arg>
<doc>Clicks the button identified by ``locator``.</doc>
<msg timestamp="20220410 15:19:05.706" level="INFO">Clicking button 'xpath=//html/body/div[2]/div/div/form/table/tbody/tr[2]/td[2]/button'.</msg>
<status status="PASS" starttime="20220410 15:19:05.706" endtime="20220410 15:19:05.842"/>
</kw>
<kw name="Sleep" library="BuiltIn">
<arg>2s</arg>
<doc>Pauses the test executed for the given time.</doc>
<msg timestamp="20220410 15:19:07.850" level="INFO">Slept 2 seconds</msg>
<status status="PASS" starttime="20220410 15:19:05.846" endtime="20220410 15:19:07.850"/>
</kw>
<kw name="Close Browser" library="SeleniumLibrary">
<doc>Closes the current browser.</doc>
<status status="PASS" starttime="20220410 15:19:07.850" endtime="20220410 15:19:10.132"/>
</kw>
<doc>This test is to search a patient</doc>
<tag>admin</tag>
<status status="PASS" starttime="20220410 15:18:56.728" endtime="20220410 15:19:10.132"/>
</test>
<test id="s1-t5" name="5.Edit Patient Details test" line="81">
<kw name="Open Browser" library="SeleniumLibrary">
<arg>${web_url}</arg>
<arg>chrome</arg>
<doc>Opens a new browser instance to the optional ``url``.</doc>
<msg timestamp="20220410 15:19:10.132" level="INFO">Opening browser 'chrome' to base url 'http://127.0.0.1:5000'.</msg>
<status status="PASS" starttime="20220410 15:19:10.132" endtime="20220410 15:19:11.454"/>
</kw>
<kw name="Sleep" library="BuiltIn">
<arg>2s</arg>
<doc>Pauses the test executed for the given time.</doc>
<msg timestamp="20220410 15:19:13.471" level="INFO">Slept 2 seconds</msg>
<status status="PASS" starttime="20220410 15:19:11.454" endtime="20220410 15:19:13.471"/>
</kw>
<kw name="Test 1 admname">
<kw name="Input Text" library="SeleniumLibrary">
<arg>name:username</arg>
<arg>admin</arg>
<doc>Types the given ``text`` into the text field identified by ``locator``.</doc>
<msg timestamp="20220410 15:19:13.471" level="INFO">Typing text 'admin' into text field 'name:username'.</msg>
<status status="PASS" starttime="20220410 15:19:13.471" endtime="20220410 15:19:13.575"/>
</kw>
<status status="PASS" starttime="20220410 15:19:13.471" endtime="20220410 15:19:13.575"/>
</kw>
<kw name="Test 1 Admpass">
<kw name="Input Text" library="SeleniumLibrary">
<arg>name:password</arg>
<arg>12345</arg>
<doc>Types the given ``text`` into the text field identified by ``locator``.</doc>
<msg timestamp="20220410 15:19:13.575" level="INFO">Typing text '12345' into text field 'name:password'.</msg>
<status status="PASS" starttime="20220410 15:19:13.575" endtime="20220410 15:19:13.667"/>
</kw>
<status status="PASS" starttime="20220410 15:19:13.575" endtime="20220410 15:19:13.671"/>
</kw>
<kw name="Sleep" library="BuiltIn">
<arg>1s</arg>
<doc>Pauses the test executed for the given time.</doc>
<msg timestamp="20220410 15:19:14.681" level="INFO">Slept 1 second</msg>
<status status="PASS" starttime="20220410 15:19:13.671" endtime="20220410 15:19:14.681"/>
</kw>
<kw name="Click Button" library="SeleniumLibrary">
<arg>xpath=//html/body/div/div/div/form/table/tbody/tr[3]/td[2]/button</arg>
<doc>Clicks the button identified by ``locator``.</doc>
<msg timestamp="20220410 15:19:14.681" level="INFO">Clicking button 'xpath=//html/body/div/div/div/form/table/tbody/tr[3]/td[2]/button'.</msg>
<status status="PASS" starttime="20220410 15:19:14.681" endtime="20220410 15:19:14.833"/>
</kw>
<kw name="Sleep" library="BuiltIn">
<arg>1s</arg>
<doc>Pauses the test executed for the given time.</doc>
<msg timestamp="20220410 15:19:15.838" level="INFO">Slept 1 second</msg>
<status status="PASS" starttime="20220410 15:19:14.837" endtime="20220410 15:19:15.838"/>
</kw>
<kw name="Click Element" library="SeleniumLibrary">
<arg>xpath=//html/body/nav[2]/div/div/ul/li[4]/a</arg>
<doc>Click the element identified by ``locator``.</doc>
<msg timestamp="20220410 15:19:15.838" level="INFO">Clicking element 'xpath=//html/body/nav[2]/div/div/ul/li[4]/a'.</msg>
<status status="PASS" starttime="20220410 15:19:15.838" endtime="20220410 15:19:15.970"/>
</kw>
<kw name="Sleep" library="BuiltIn">
<arg>2s</arg>
<doc>Pauses the test executed for the given time.</doc>
<msg timestamp="20220410 15:19:17.973" level="INFO">Slept 2 seconds</msg>
<status status="PASS" starttime="20220410 15:19:15.970" endtime="20220410 15:19:17.973"/>
</kw>
<kw name="Test 2 MobileNumber">
<kw name="Input Text" library="SeleniumLibrary">
<arg>name:mobnumber</arg>
<arg>34567</arg>
<doc>Types the given ``text`` into the text field identified by ``locator``.</doc>
<msg timestamp="20220410 15:19:17.973" level="INFO">Typing text '34567' into text field 'name:mobnumber'.</msg>
<status status="PASS" starttime="20220410 15:19:17.973" endtime="20220410 15:19:18.093"/>
</kw>
<status status="PASS" starttime="20220410 15:19:17.973" endtime="20220410 15:19:18.093"/>
</kw>
<kw name="Sleep" library="BuiltIn">
<arg>1s</arg>
<doc>Pauses the test executed for the given time.</doc>
<msg timestamp="20220410 15:19:19.102" level="INFO">Slept 1 second</msg>
<status status="PASS" starttime="20220410 15:19:18.093" endtime="20220410 15:19:19.102"/>
</kw>
<kw name="Click Button" library="SeleniumLibrary">
<arg>xpath=//html/body/div/div/div/form/table/tbody/tr[2]/td[2]/button</arg>
<doc>Clicks the button identified by ``locator``.</doc>
<msg timestamp="20220410 15:19:19.102" level="INFO">Clicking button 'xpath=//html/body/div/div/div/form/table/tbody/tr[2]/td[2]/button'.</msg>
<status status="PASS" starttime="20220410 15:19:19.102" endtime="20220410 15:19:19.242"/>
</kw>
<kw name="Sleep" library="BuiltIn">
<arg>2s</arg>
<doc>Pauses the test executed for the given time.</doc>
<msg timestamp="20220410 15:19:21.244" level="INFO">Slept 2 seconds</msg>
<status status="PASS" starttime="20220410 15:19:19.242" endtime="20220410 15:19:21.244"/>
</kw>
<kw name="Test 5 Name">
<kw name="Input Text" library="SeleniumLibrary">
<arg>name:name</arg>
<arg>sr</arg>
<doc>Types the given ``text`` into the text field identified by ``locator``.</doc>
<msg timestamp="20220410 15:19:21.244" level="INFO">Typing text 'sr' into text field 'name:name'.</msg>
<status status="PASS" starttime="20220410 15:19:21.244" endtime="20220410 15:19:21.368"/>
</kw>
<status status="PASS" starttime="20220410 15:19:21.244" endtime="20220410 15:19:21.368"/>
</kw>
<kw name="Sleep" library="BuiltIn">
<arg>1s</arg>
<doc>Pauses the test executed for the given time.</doc>
<msg timestamp="20220410 15:19:22.381" level="INFO">Slept 1 second</msg>
<status status="PASS" starttime="20220410 15:19:21.368" endtime="20220410 15:19:22.381"/>
</kw>
<kw name="Test 5 MobileNumber">
<kw name="Input Text" library="SeleniumLibrary">
<arg>name:mobnumber</arg>
<arg>34567</arg>
<doc>Types the given ``text`` into the text field identified by ``locator``.</doc>
<msg timestamp="20220410 15:19:22.381" level="INFO">Typing text '34567' into text field 'name:mobnumber'.</msg>
<status status="PASS" starttime="20220410 15:19:22.381" endtime="20220410 15:19:22.497"/>
</kw>
<status status="PASS" starttime="20220410 15:19:22.381" endtime="20220410 15:19:22.497"/>
</kw>
<kw name="Sleep" library="BuiltIn">
<arg>1s</arg>
<doc>Pauses the test executed for the given time.</doc>
<msg timestamp="20220410 15:19:23.506" level="INFO">Slept 1 second</msg>
<status status="PASS" starttime="20220410 15:19:22.497" endtime="20220410 15:19:23.506"/>
</kw>
<kw name="Test 5 Age">
<kw name="Input Text" library="SeleniumLibrary">
<arg>name:age</arg>
<arg>39</arg>
<doc>Types the given ``text`` into the text field identified by ``locator``.</doc>
<msg timestamp="20220410 15:19:23.506" level="INFO">Typing text '39' into text field 'name:age'.</msg>
<status status="PASS" starttime="20220410 15:19:23.506" endtime="20220410 15:19:23.622"/>
</kw>
<status status="PASS" starttime="20220410 15:19:23.506" endtime="20220410 15:19:23.622"/>
</kw>
<kw name="Sleep" library="BuiltIn">
<arg>1s</arg>
<doc>Pauses the test executed for the given time.</doc>
<msg timestamp="20220410 15:19:24.624" level="INFO">Slept 1 second</msg>
<status status="PASS" starttime="20220410 15:19:23.622" endtime="20220410 15:19:24.624"/>
</kw>
<kw name="Test 5 Address">
<kw name="Input Text" library="SeleniumLibrary">
<arg>name:address</arg>
<arg>Pondicherry</arg>
<doc>Types the given ``text`` into the text field identified by ``locator``.</doc>
<msg timestamp="20220410 15:19:24.624" level="INFO">Typing text 'Pondicherry' into text field 'name:address'.</msg>
<status status="PASS" starttime="20220410 15:19:24.624" endtime="20220410 15:19:24.748"/>
</kw>
<status status="PASS" starttime="20220410 15:19:24.624" endtime="20220410 15:19:24.748"/>
</kw>
<kw name="Sleep" library="BuiltIn">
<arg>1s</arg>
<doc>Pauses the test executed for the given time.</doc>
<msg timestamp="20220410 15:19:25.753" level="INFO">Slept 1 second</msg>
<status status="PASS" starttime="20220410 15:19:24.748" endtime="20220410 15:19:25.753"/>
</kw>
<kw name="Test 5 Dob">
<kw name="Input Text" library="SeleniumLibrary">
<arg>name:dob</arg>
<arg>01-06-2000</arg>
<doc>Types the given ``text`` into the text field identified by ``locator``.</doc>
<msg timestamp="20220410 15:19:25.753" level="INFO">Typing text '01-06-2000' into text field 'name:dob'.</msg>
<status status="PASS" starttime="20220410 15:19:25.753" endtime="20220410 15:19:25.873"/>
</kw>
<status status="PASS" starttime="20220410 15:19:25.753" endtime="20220410 15:19:25.873"/>
</kw>
<kw name="Sleep" library="BuiltIn">
<arg>1s</arg>
<doc>Pauses the test executed for the given time.</doc>
<msg timestamp="20220410 15:19:26.873" level="INFO">Slept 1 second</msg>
<status status="PASS" starttime="20220410 15:19:25.873" endtime="20220410 15:19:26.873"/>
</kw>
<kw name="Test 5 Place">
<kw name="Input Text" library="SeleniumLibrary">
<arg>name:place</arg>
<arg>Tamilnadu</arg>
<doc>Types the given ``text`` into the text field identified by ``locator``.</doc>
<msg timestamp="20220410 15:19:26.873" level="INFO">Typing text 'Tamilnadu' into text field 'name:place'.</msg>
<status status="PASS" starttime="20220410 15:19:26.873" endtime="20220410 15:19:27.017"/>
</kw>
<status status="PASS" starttime="20220410 15:19:26.873" endtime="20220410 15:19:27.017"/>
</kw>
<kw name="Sleep" library="BuiltIn">
<arg>1s</arg>
<doc>Pauses the test executed for the given time.</doc>
<msg timestamp="20220410 15:19:28.030" level="INFO">Slept 1 second</msg>
<status status="PASS" starttime="20220410 15:19:27.017" endtime="20220410 15:19:28.030"/>
</kw>
<kw name="Test 5 Pincode">
<kw name="Input Text" library="SeleniumLibrary">
<arg>name:pincode</arg>
<arg>590068</arg>
<doc>Types the given ``text`` into the text field identified by ``locator``.</doc>
<msg timestamp="20220410 15:19:28.030" level="INFO">Typing text '590068' into text field 'name:pincode'.</msg>
<status status="PASS" starttime="20220410 15:19:28.030" endtime="20220410 15:19:28.126"/>
</kw>
<status status="PASS" starttime="20220410 15:19:28.030" endtime="20220410 15:19:28.126"/>
</kw>
<kw name="Sleep" library="BuiltIn">
<arg>1s</arg>
<doc>Pauses the test executed for the given time.</doc>
<msg timestamp="20220410 15:19:29.138" level="INFO">Slept 1 second</msg>
<status status="PASS" starttime="20220410 15:19:28.126" endtime="20220410 15:19:29.138"/>
</kw>
<kw name="Click Button" library="SeleniumLibrary">
<arg>xpath=//html/body/div/div/div/form/table/tbody/tr[8]/td[2]/button</arg>
<doc>Clicks the button identified by ``locator``.</doc>
<msg timestamp="20220410 15:19:29.138" level="INFO">Clicking button 'xpath=//html/body/div/div/div/form/table/tbody/tr[8]/td[2]/button'.</msg>
<status status="PASS" starttime="20220410 15:19:29.138" endtime="20220410 15:19:29.262"/>
</kw>
<kw name="Sleep" library="BuiltIn">
<arg>2s</arg>
<doc>Pauses the test executed for the given time.</doc>
<msg timestamp="20220410 15:19:31.273" level="INFO">Slept 2 seconds</msg>
<status status="PASS" starttime="20220410 15:19:29.266" endtime="20220410 15:19:31.273"/>
</kw>
<kw name="Close Browser" library="SeleniumLibrary">
<doc>Closes the current browser.</doc>
<status status="PASS" starttime="20220410 15:19:31.273" endtime="20220410 15:19:33.449"/>
</kw>
<doc>This test is to edit patient details</doc>
<tag>admin</tag>
<status status="PASS" starttime="20220410 15:19:10.132" endtime="20220410 15:19:33.449"/>
</test>
<test id="s1-t6" name="6. Delete Patient Test" line="115">
<kw name="Open Browser" library="SeleniumLibrary">
<arg>${web_url}</arg>
<arg>chrome</arg>
<doc>Opens a new browser instance to the optional ``url``.</doc>
<msg timestamp="20220410 15:19:33.453" level="INFO">Opening browser 'chrome' to base url 'http://127.0.0.1:5000'.</msg>
<status status="PASS" starttime="20220410 15:19:33.449" endtime="20220410 15:19:35.114"/>
</kw>
<kw name="Sleep" library="BuiltIn">
<arg>2s</arg>
<doc>Pauses the test executed for the given time.</doc>
<msg timestamp="20220410 15:19:37.126" level="INFO">Slept 2 seconds</msg>
<status status="PASS" starttime="20220410 15:19:35.114" endtime="20220410 15:19:37.126"/>
</kw>
<kw name="Test 1 admname">
<kw name="Input Text" library="SeleniumLibrary">
<arg>name:username</arg>
<arg>admin</arg>
<doc>Types the given ``text`` into the text field identified by ``locator``.</doc>
<msg timestamp="20220410 15:19:37.126" level="INFO">Typing text 'admin' into text field 'name:username'.</msg>
<status status="PASS" starttime="20220410 15:19:37.126" endtime="20220410 15:19:37.246"/>
</kw>
<status status="PASS" starttime="20220410 15:19:37.126" endtime="20220410 15:19:37.250"/>
</kw>
<kw name="Test 1 Admpass">
<kw name="Input Text" library="SeleniumLibrary">
<arg>name:password</arg>
<arg>12345</arg>
<doc>Types the given ``text`` into the text field identified by ``locator``.</doc>
<msg timestamp="20220410 15:19:37.250" level="INFO">Typing text '12345' into text field 'name:password'.</msg>
<status status="PASS" starttime="20220410 15:19:37.250" endtime="20220410 15:19:37.370"/>
</kw>
<status status="PASS" starttime="20220410 15:19:37.250" endtime="20220410 15:19:37.370"/>
</kw>
<kw name="Sleep" library="BuiltIn">
<arg>1s</arg>
<doc>Pauses the test executed for the given time.</doc>
<msg timestamp="20220410 15:19:38.378" level="INFO">Slept 1 second</msg>
<status status="PASS" starttime="20220410 15:19:37.370" endtime="20220410 15:19:38.378"/>
</kw>
<kw name="Click Button" library="SeleniumLibrary">
<arg>xpath=//html/body/div/div/div/form/table/tbody/tr[3]/td[2]/button</arg>
<doc>Clicks the button identified by ``locator``.</doc>
<msg timestamp="20220410 15:19:38.378" level="INFO">Clicking button 'xpath=//html/body/div/div/div/form/table/tbody/tr[3]/td[2]/button'.</msg>
<status status="PASS" starttime="20220410 15:19:38.378" endtime="20220410 15:19:38.510"/>
</kw>
<kw name="Sleep" library="BuiltIn">
<arg>1s</arg>
<doc>Pauses the test executed for the given time.</doc>
<msg timestamp="20220410 15:19:39.516" level="INFO">Slept 1 second</msg>
<status status="PASS" starttime="20220410 15:19:38.514" endtime="20220410 15:19:39.516"/>
</kw>
<kw name="Click Element" library="SeleniumLibrary">
<arg>xpath=//html/body/nav[2]/div/div/ul/li[5]/a</arg>
<doc>Click the element identified by ``locator``.</doc>
<msg timestamp="20220410 15:19:39.516" level="INFO">Clicking element 'xpath=//html/body/nav[2]/div/div/ul/li[5]/a'.</msg>
<status status="PASS" starttime="20220410 15:19:39.516" endtime="20220410 15:19:39.604"/>
</kw>
<kw name="Sleep" library="BuiltIn">
<arg>2s</arg>
<doc>Pauses the test executed for the given time.</doc>
<msg timestamp="20220410 15:19:41.612" level="INFO">Slept 2 seconds</msg>
<status status="PASS" starttime="20220410 15:19:39.604" endtime="20220410 15:19:41.612"/>
</kw>
<kw name="Test 2 MobileNumber">
<kw name="Input Text" library="SeleniumLibrary">
<arg>name:mobnumber</arg>
<arg>34567</arg>
<doc>Types the given ``text`` into the text field identified by ``locator``.</doc>
<msg timestamp="20220410 15:19:41.612" level="INFO">Typing text '34567' into text field 'name:mobnumber'.</msg>
<status status="PASS" starttime="20220410 15:19:41.612" endtime="20220410 15:19:41.732"/>
</kw>
<status status="PASS" starttime="20220410 15:19:41.612" endtime="20220410 15:19:41.732"/>
</kw>
<kw name="Sleep" library="BuiltIn">
<arg>1s</arg>
<doc>Pauses the test executed for the given time.</doc>
<msg timestamp="20220410 15:19:42.746" level="INFO">Slept 1 second</msg>
<status status="PASS" starttime="20220410 15:19:41.736" endtime="20220410 15:19:42.746"/>
</kw>
<kw name="Click Button" library="SeleniumLibrary">
<arg>xpath=//html/body/div/div/div/form/table/tbody/tr[2]/td[2]/button</arg>
<doc>Clicks the button identified by ``locator``.</doc>
<msg timestamp="20220410 15:19:42.746" level="INFO">Clicking button 'xpath=//html/body/div/div/div/form/table/tbody/tr[2]/td[2]/button'.</msg>
<status status="PASS" starttime="20220410 15:19:42.746" endtime="20220410 15:19:42.886"/>
</kw>
<kw name="Sleep" library="BuiltIn">
<arg>2s</arg>
<doc>Pauses the test executed for the given time.</doc>
<msg timestamp="20220410 15:19:44.893" level="INFO">Slept 2 seconds</msg>
<status status="PASS" starttime="20220410 15:19:42.890" endtime="20220410 15:19:44.893"/>
</kw>
<kw name="Close Browser" library="SeleniumLibrary">
<doc>Closes the current browser.</doc>
<status status="PASS" starttime="20220410 15:19:44.893" endtime="20220410 15:19:47.210"/>
</kw>
<doc>This test is to delete a patient</doc>
<tag>admin</tag>
<status status="PASS" starttime="20220410 15:19:33.449" endtime="20220410 15:19:47.210"/>
</test>
<status status="PASS" starttime="20220410 15:18:20.857" endtime="20220410 15:19:47.214"/>
</suite>
<statistics>
<total>
<stat pass="6" fail="0" skip="0">All Tests</stat>
</total>
<tag>
<stat pass="6" fail="0" skip="0">admin</stat>
</tag>
<suite>
<stat pass="6" fail="0" skip="0" id="s1" name="Hospital">Hospital</stat>
</suite>
</statistics>
<errors>
</errors>
</robot>
