<?xml version="1.0" encoding="UTF-8"?>
<robot generator="Robot 5.0 (Python 3.10.4 on win32)" generated="20220407 12:14:46.483" rpa="false" schemaversion="3">
<suite id="s1" name="App" source="C:\Users\sridh\PycharmProjects\Robot Framework\Tests\Flipkart\FunctionalTestSuite\app.robot">
<test id="s1-t1" name="google search test" line="8">
<kw name="Open Browser" library="SeleniumLibrary">
<arg>${google_search}</arg>
<arg>chrome</arg>
<doc>Opens a new browser instance to the optional ``url``.</doc>
<msg timestamp="20220407 12:14:46.698" level="INFO">Opening browser 'chrome' to base url 'https://www.google.com/'.</msg>
<status status="PASS" starttime="20220407 12:14:46.698" endtime="20220407 12:14:48.713"/>
</kw>
<kw name="Maximize Browser Window" library="SeleniumLibrary">
<doc>Maximizes current browser window.</doc>
<status status="PASS" starttime="20220407 12:14:48.714" endtime="20220407 12:14:48.844"/>
</kw>
<kw name="Search data">
<kw name="Input Text" library="SeleniumLibrary">
<arg>name:q</arg>
<arg>${search_query}</arg>
<doc>Types the given ``text`` into the text field identified by ``locator``.</doc>
<msg timestamp="20220407 12:14:48.845" level="INFO">Typing text 'flipkart' into text field 'name:q'.</msg>
<status status="PASS" starttime="20220407 12:14:48.845" endtime="20220407 12:14:48.943"/>
</kw>
<status status="PASS" starttime="20220407 12:14:48.844" endtime="20220407 12:14:48.943"/>
</kw>
<kw name="Submit Form" library="SeleniumLibrary">
<doc>Submits a form identified by ``locator``.</doc>
<msg timestamp="20220407 12:14:48.944" level="INFO">Submitting form 'None'.</msg>
<status status="PASS" starttime="20220407 12:14:48.944" endtime="20220407 12:14:50.519"/>
</kw>
<kw name="Click Element" library="SeleniumLibrary">
<arg>class:LC20lb</arg>
<doc>Click the element identified by ``locator``.</doc>
<msg timestamp="20220407 12:14:50.520" level="INFO">Clicking element 'class:LC20lb'.</msg>
<status status="PASS" starttime="20220407 12:14:50.519" endtime="20220407 12:14:51.690"/>
</kw>
<doc>Test to open google</doc>
<tag>google</tag>
<status status="PASS" starttime="20220407 12:14:46.697" endtime="20220407 12:14:51.691"/>
</test>
<test id="s1-t2" name="flipkart search test" line="17">
<kw name="Sleep" library="BuiltIn">
<arg>2s</arg>
<doc>Pauses the test executed for the given time.</doc>
<msg timestamp="20220407 12:14:53.704" level="INFO">Slept 2 seconds</msg>
<status status="PASS" starttime="20220407 12:14:51.693" endtime="20220407 12:14:53.704"/>
</kw>
<kw name="Click Button" library="SeleniumLibrary">
<arg>class:_2KpZ6l</arg>
<doc>Clicks the button identified by ``locator``.</doc>
<msg timestamp="20220407 12:14:53.705" level="INFO">Clicking button 'class:_2KpZ6l'.</msg>
<status status="PASS" starttime="20220407 12:14:53.705" endtime="20220407 12:14:53.822"/>
</kw>
<kw name="Sleep" library="BuiltIn">
<arg>2s</arg>
<doc>Pauses the test executed for the given time.</doc>
<msg timestamp="20220407 12:14:55.837" level="INFO">Slept 2 seconds</msg>
<status status="PASS" starttime="20220407 12:14:53.823" endtime="20220407 12:14:55.837"/>
</kw>
<kw name="Search flip data">
<kw name="Input Text" library="SeleniumLibrary">
<arg>name:q</arg>
<arg>${search_product}</arg>
<doc>Types the given ``text`` into the text field identified by ``locator``.</doc>
<msg timestamp="20220407 12:14:55.838" level="INFO">Typing text 'Iphone' into text field 'name:q'.</msg>
<status status="PASS" starttime="20220407 12:14:55.838" endtime="20220407 12:14:55.933"/>
</kw>
<status status="PASS" starttime="20220407 12:14:55.837" endtime="20220407 12:14:55.933"/>
</kw>
<kw name="Click Button" library="SeleniumLibrary">
<arg>class:L0Z3Pu</arg>
<doc>Clicks the button identified by ``locator``.</doc>
<msg timestamp="20220407 12:14:55.934" level="INFO">Clicking button 'class:L0Z3Pu'.</msg>
<status status="PASS" starttime="20220407 12:14:55.934" endtime="20220407 12:14:55.994"/>
</kw>
<kw name="Sleep" library="BuiltIn">
<arg>5s</arg>
<doc>Pauses the test executed for the given time.</doc>
<msg timestamp="20220407 12:15:00.996" level="INFO">Slept 5 seconds</msg>
<status status="PASS" starttime="20220407 12:14:55.995" endtime="20220407 12:15:00.996"/>
</kw>
<kw name="Close Browser" library="SeleniumLibrary">
<doc>Closes the current browser.</doc>
<status status="PASS" starttime="20220407 12:15:00.997" endtime="20220407 12:15:03.239"/>
</kw>
<doc>Test for flipkart</doc>
<tag>Shopping app</tag>
<status status="PASS" starttime="20220407 12:14:51.692" endtime="20220407 12:15:03.239"/>
</test>
<status status="PASS" starttime="20220407 12:14:46.485" endtime="20220407 12:15:03.240"/>
</suite>
<statistics>
<total>
<stat pass="2" fail="0" skip="0">All Tests</stat>
</total>
<tag>
<stat pass="1" fail="0" skip="0">google</stat>
<stat pass="1" fail="0" skip="0">Shopping app</stat>
</tag>
<suite>
<stat pass="2" fail="0" skip="0" id="s1" name="App">App</stat>
</suite>
</statistics>
<errors>
</errors>
</robot>
