<?xml version="1.0" encoding="UTF-8"?>
<robot generator="Robot 5.0 (Python 3.10.4 on win32)" generated="20220407 16:50:13.233" rpa="false" schemaversion="3">
<suite id="s1" name="App" source="C:\Users\sridh\PycharmProjects\Robot Framework\Tests\Flipkart\FunctionalTestSuite\app.robot">
<kw name="Log" library="BuiltIn" type="SETUP">
<arg>Inside test suite Setup</arg>
<doc>Logs the given message with the given level.</doc>
<msg timestamp="20220407 16:50:13.497" level="INFO">Inside test suite Setup</msg>
<status status="PASS" starttime="20220407 16:50:13.496" endtime="20220407 16:50:13.497"/>
</kw>
<test id="s1-t1" name="google search test" line="15">
<kw name="Log" library="BuiltIn" type="SETUP">
<arg>Inside test Setup</arg>
<doc>Logs the given message with the given level.</doc>
<msg timestamp="20220407 16:50:13.498" level="INFO">Inside test Setup</msg>
<status status="PASS" starttime="20220407 16:50:13.498" endtime="20220407 16:50:13.498"/>
</kw>
<kw name="Open Browser" library="SeleniumLibrary">
<arg>${google_search}</arg>
<arg>chrome</arg>
<doc>Opens a new browser instance to the optional ``url``.</doc>
<msg timestamp="20220407 16:50:13.499" level="INFO">Opening browser 'chrome' to base url 'https://www.google.com/'.</msg>
<status status="PASS" starttime="20220407 16:50:13.498" endtime="20220407 16:50:16.154"/>
</kw>
<kw name="Maximize Browser Window" library="SeleniumLibrary">
<doc>Maximizes current browser window.</doc>
<status status="PASS" starttime="20220407 16:50:16.154" endtime="20220407 16:50:16.278"/>
</kw>
<kw name="Search data">
<kw name="Input Text" library="SeleniumLibrary">
<arg>name:q</arg>
<arg>${search_query}</arg>
<doc>Types the given ``text`` into the text field identified by ``locator``.</doc>
<msg timestamp="20220407 16:50:16.279" level="INFO">Typing text 'flipkart' into text field 'name:q'.</msg>
<status status="PASS" starttime="20220407 16:50:16.279" endtime="20220407 16:50:16.368"/>
</kw>
<status status="PASS" starttime="20220407 16:50:16.279" endtime="20220407 16:50:16.369"/>
</kw>
<kw name="Submit Form" library="SeleniumLibrary">
<doc>Submits a form identified by ``locator``.</doc>
<msg timestamp="20220407 16:50:16.369" level="INFO">Submitting form 'None'.</msg>
<status status="PASS" starttime="20220407 16:50:16.369" endtime="20220407 16:50:18.384"/>
</kw>
<kw name="Click Element" library="SeleniumLibrary">
<arg>class:LC20lb</arg>
<doc>Click the element identified by ``locator``.</doc>
<msg timestamp="20220407 16:50:18.384" level="INFO">Clicking element 'class:LC20lb'.</msg>
<status status="PASS" starttime="20220407 16:50:18.384" endtime="20220407 16:50:19.669"/>
</kw>
<kw name="Log" library="BuiltIn" type="TEARDOWN">
<arg>Inside test teardown</arg>
<doc>Logs the given message with the given level.</doc>
<msg timestamp="20220407 16:50:19.670" level="INFO">Inside test teardown</msg>
<status status="PASS" starttime="20220407 16:50:19.670" endtime="20220407 16:50:19.670"/>
</kw>
<doc>Test to open google</doc>
<tag>google</tag>
<status status="PASS" starttime="20220407 16:50:13.497" endtime="20220407 16:50:19.670"/>
</test>
<test id="s1-t2" name="flipkart search test" line="24">
<kw name="Log" library="BuiltIn" type="SETUP">
<arg>Inside test Setup</arg>
<doc>Logs the given message with the given level.</doc>
<msg timestamp="20220407 16:50:19.673" level="INFO">Inside test Setup</msg>
<status status="PASS" starttime="20220407 16:50:19.672" endtime="20220407 16:50:19.673"/>
</kw>
<kw name="Sleep" library="BuiltIn">
<arg>2s</arg>
<doc>Pauses the test executed for the given time.</doc>
<msg timestamp="20220407 16:50:21.681" level="INFO">Slept 2 seconds</msg>
<status status="PASS" starttime="20220407 16:50:19.673" endtime="20220407 16:50:21.681"/>
</kw>
<kw name="Click Button" library="SeleniumLibrary">
<arg>class:_2KpZ6l</arg>
<doc>Clicks the button identified by ``locator``.</doc>
<msg timestamp="20220407 16:50:21.682" level="INFO">Clicking button 'class:_2KpZ6l'.</msg>
<status status="PASS" starttime="20220407 16:50:21.682" endtime="20220407 16:50:21.795"/>
</kw>
<kw name="Sleep" library="BuiltIn">
<arg>2s</arg>
<doc>Pauses the test executed for the given time.</doc>
<msg timestamp="20220407 16:50:23.806" level="INFO">Slept 2 seconds</msg>
<status status="PASS" starttime="20220407 16:50:21.796" endtime="20220407 16:50:23.806"/>
</kw>
<kw name="Search flip data">
<kw name="Input Text" library="SeleniumLibrary">
<arg>name:q</arg>
<arg>${search_product}</arg>
<doc>Types the given ``text`` into the text field identified by ``locator``.</doc>
<msg timestamp="20220407 16:50:23.808" level="INFO">Typing text 'Iphone' into text field 'name:q'.</msg>
<status status="PASS" starttime="20220407 16:50:23.807" endtime="20220407 16:50:23.900"/>
</kw>
<status status="PASS" starttime="20220407 16:50:23.807" endtime="20220407 16:50:23.900"/>
</kw>
<kw name="Click Button" library="SeleniumLibrary">
<arg>class:L0Z3Pu</arg>
<doc>Clicks the button identified by ``locator``.</doc>
<msg timestamp="20220407 16:50:23.901" level="INFO">Clicking button 'class:L0Z3Pu'.</msg>
<status status="PASS" starttime="20220407 16:50:23.901" endtime="20220407 16:50:23.962"/>
</kw>
<kw name="Log" library="BuiltIn" type="TEARDOWN">
<arg>Inside test teardown</arg>
<doc>Logs the given message with the given level.</doc>
<msg timestamp="20220407 16:50:23.963" level="INFO">Inside test teardown</msg>
<status status="PASS" starttime="20220407 16:50:23.962" endtime="20220407 16:50:23.963"/>
</kw>
<doc>Test for flipkart</doc>
<tag>Shopping app</tag>
<status status="PASS" starttime="20220407 16:50:19.671" endtime="20220407 16:50:23.963"/>
</test>
<test id="s1-t3" name="buying flipkart test" line="33">
<kw name="Log" library="BuiltIn" type="SETUP">
<arg>Inside test Setup</arg>
<doc>Logs the given message with the given level.</doc>
<msg timestamp="20220407 16:50:23.965" level="INFO">Inside test Setup</msg>
<status status="PASS" starttime="20220407 16:50:23.965" endtime="20220407 16:50:23.965"/>
</kw>
<kw name="Sleep" library="BuiltIn">
<arg>3s</arg>
<doc>Pauses the test executed for the given time.</doc>
<msg timestamp="20220407 16:50:26.979" level="INFO">Slept 3 seconds</msg>
<status status="PASS" starttime="20220407 16:50:23.965" endtime="20220407 16:50:26.979"/>
</kw>
<kw name="Click Element" library="SeleniumLibrary">
<arg>xpath=//html/body/div[1]/div/div[3]/div[1]/div[2]/div[3]/div/div/div/a/div[2]/div[1]/div[1]</arg>
<doc>Click the element identified by ``locator``.</doc>
<msg timestamp="20220407 16:50:26.980" level="INFO">Clicking element 'xpath=//html/body/div[1]/div/div[3]/div[1]/div[2]/div[3]/div/div/div/a/div[2]/div[1]/div[1]'.</msg>
<status status="PASS" starttime="20220407 16:50:26.979" endtime="20220407 16:50:27.076"/>
</kw>
<kw name="Sleep" library="BuiltIn">
<arg>1s</arg>
<doc>Pauses the test executed for the given time.</doc>
<msg timestamp="20220407 16:50:28.087" level="INFO">Slept 1 second</msg>
<status status="PASS" starttime="20220407 16:50:27.077" endtime="20220407 16:50:28.087"/>
</kw>
<kw name="Switch Window" library="SeleniumLibrary">
<arg>title:APPLE iPhone 13 ( 128 GB GB Storage, 0 GB RAM ) Online at Best Price On Flipkart.com</arg>
<doc>Switches to browser window matching ``locator``.</doc>
<status status="PASS" starttime="20220407 16:50:28.088" endtime="20220407 16:50:28.801"/>
</kw>
<kw name="Sleep" library="BuiltIn">
<arg>2s</arg>
<doc>Pauses the test executed for the given time.</doc>
<msg timestamp="20220407 16:50:30.809" level="INFO">Slept 2 seconds</msg>
<status status="PASS" starttime="20220407 16:50:28.801" endtime="20220407 16:50:30.809"/>
</kw>
<kw name="Click Element" library="SeleniumLibrary">
<arg>xpath=//html/body/div[1]/div/div[3]/div[1]/div[1]/div[2]/div/ul/li[2]/form/button</arg>
<doc>Click the element identified by ``locator``.</doc>
<msg timestamp="20220407 16:50:30.811" level="INFO">Clicking element 'xpath=//html/body/div[1]/div/div[3]/div[1]/div[1]/div[2]/div/ul/li[2]/form/button'.</msg>
<status status="PASS" starttime="20220407 16:50:30.810" endtime="20220407 16:50:30.878"/>
</kw>
<kw name="Sleep" library="BuiltIn">
<arg>2s</arg>
<doc>Pauses the test executed for the given time.</doc>
<msg timestamp="20220407 16:50:32.891" level="INFO">Slept 2 seconds</msg>
<status status="PASS" starttime="20220407 16:50:30.879" endtime="20220407 16:50:32.891"/>
</kw>
<kw name="email address">
<kw name="Input Text" library="SeleniumLibrary">
<arg>class:_17N0em</arg>
<arg>${email}</arg>
<doc>Types the given ``text`` into the text field identified by ``locator``.</doc>
<msg timestamp="20220407 16:50:32.891" level="INFO">Typing text '7904464500' into text field 'class:_17N0em'.</msg>
<status status="PASS" starttime="20220407 16:50:32.891" endtime="20220407 16:50:32.989"/>
</kw>
<status status="PASS" starttime="20220407 16:50:32.891" endtime="20220407 16:50:32.989"/>
</kw>
<kw name="Sleep" library="BuiltIn">
<arg>2s</arg>
<doc>Pauses the test executed for the given time.</doc>
<msg timestamp="20220407 16:50:34.999" level="INFO">Slept 2 seconds</msg>
<status status="PASS" starttime="20220407 16:50:32.990" endtime="20220407 16:50:34.999"/>
</kw>
<kw name="Click Button" library="SeleniumLibrary">
<arg>class:_20xBvF</arg>
<doc>Clicks the button identified by ``locator``.</doc>
<msg timestamp="20220407 16:50:35.000" level="INFO">Clicking button 'class:_20xBvF'.</msg>
<status status="PASS" starttime="20220407 16:50:35.000" endtime="20220407 16:50:35.069"/>
</kw>
<kw name="Sleep" library="BuiltIn">
<arg>3s</arg>
<doc>Pauses the test executed for the given time.</doc>
<msg timestamp="20220407 16:50:38.086" level="INFO">Slept 3 seconds</msg>
<status status="PASS" starttime="20220407 16:50:35.069" endtime="20220407 16:50:38.086"/>
</kw>
<kw name="password">
<kw name="Input Text" library="SeleniumLibrary">
<arg>xpath=//html/body/div[1]/div/div[2]/div/div[1]/div[1]/div/div/div/div/div[1]/div/form/div[2]/input</arg>
<arg>${password}</arg>
<doc>Types the given ``text`` into the text field identified by ``locator``.</doc>
<msg timestamp="20220407 16:50:38.088" level="INFO">Typing text '7904464500' into text field 'xpath=//html/body/div[1]/div/div[2]/div/div[1]/div[1]/div/div/div/div/div[1]/div/form/div[2]/input'.</msg>
<status status="PASS" starttime="20220407 16:50:38.087" endtime="20220407 16:50:38.161"/>
</kw>
<status status="PASS" starttime="20220407 16:50:38.087" endtime="20220407 16:50:38.161"/>
</kw>
<kw name="Sleep" library="BuiltIn">
<arg>2s</arg>
<doc>Pauses the test executed for the given time.</doc>
<msg timestamp="20220407 16:50:40.175" level="INFO">Slept 2 seconds</msg>
<status status="PASS" starttime="20220407 16:50:38.162" endtime="20220407 16:50:40.175"/>
</kw>
<kw name="Click Button" library="SeleniumLibrary">
<arg>class:_20xBvF</arg>
<doc>Clicks the button identified by ``locator``.</doc>
<msg timestamp="20220407 16:50:40.176" level="INFO">Clicking button 'class:_20xBvF'.</msg>
<status status="PASS" starttime="20220407 16:50:40.176" endtime="20220407 16:50:40.228"/>
</kw>
<kw name="Sleep" library="BuiltIn">
<arg>3s</arg>
<doc>Pauses the test executed for the given time.</doc>
<msg timestamp="20220407 16:50:43.238" level="INFO">Slept 3 seconds</msg>
<status status="PASS" starttime="20220407 16:50:40.228" endtime="20220407 16:50:43.238"/>
</kw>
<kw name="Click Button" library="SeleniumLibrary">
<arg>class:_1seccl</arg>
<doc>Clicks the button identified by ``locator``.</doc>
<msg timestamp="20220407 16:50:43.239" level="INFO">Clicking button 'class:_1seccl'.</msg>
<status status="PASS" starttime="20220407 16:50:43.239" endtime="20220407 16:50:43.302"/>
</kw>
<kw name="Sleep" library="BuiltIn">
<arg>3s</arg>
<doc>Pauses the test executed for the given time.</doc>
<msg timestamp="20220407 16:50:46.305" level="INFO">Slept 3 seconds</msg>
<status status="PASS" starttime="20220407 16:50:43.303" endtime="20220407 16:50:46.305"/>
</kw>
<kw name="Click Button" library="SeleniumLibrary">
<arg>class:_3dESVI</arg>
<doc>Clicks the button identified by ``locator``.</doc>
<msg timestamp="20220407 16:50:46.306" level="INFO">Clicking button 'class:_3dESVI'.</msg>
<status status="PASS" starttime="20220407 16:50:46.305" endtime="20220407 16:50:46.362"/>
</kw>
<kw name="Sleep" library="BuiltIn">
<arg>5s</arg>
<doc>Pauses the test executed for the given time.</doc>
<msg timestamp="20220407 16:50:51.365" level="INFO">Slept 5 seconds</msg>
<status status="PASS" starttime="20220407 16:50:46.362" endtime="20220407 16:50:51.365"/>
</kw>
<kw name="Log" library="BuiltIn" type="TEARDOWN">
<arg>Inside test teardown</arg>
<doc>Logs the given message with the given level.</doc>
<msg timestamp="20220407 16:50:51.366" level="INFO">Inside test teardown</msg>
<status status="PASS" starttime="20220407 16:50:51.366" endtime="20220407 16:50:51.366"/>
</kw>
<status status="PASS" starttime="20220407 16:50:23.964" endtime="20220407 16:50:51.366"/>
</test>
<kw name="Log" library="BuiltIn" type="TEARDOWN">
<arg>Inside test suite Teardown</arg>
<doc>Logs the given message with the given level.</doc>
<msg timestamp="20220407 16:50:51.368" level="INFO">Inside test suite Teardown</msg>
<status status="PASS" starttime="20220407 16:50:51.368" endtime="20220407 16:50:51.368"/>
</kw>
<status status="PASS" starttime="20220407 16:50:13.235" endtime="20220407 16:50:51.368"/>
</suite>
<statistics>
<total>
<stat pass="3" fail="0" skip="0">All Tests</stat>
</total>
<tag>
<stat pass="1" fail="0" skip="0">google</stat>
<stat pass="1" fail="0" skip="0">Shopping app</stat>
</tag>
<suite>
<stat pass="3" fail="0" skip="0" id="s1" name="App">App</stat>
</suite>
</statistics>
<errors>
</errors>
</robot>
