<?xml version="1.0" encoding="UTF-8"?>
<robot generator="Robot 5.0 (Python 3.10.4 on win32)" generated="20220407 09:38:44.356" rpa="false" schemaversion="3">
<suite id="s1" name="Login" source="C:\Users\sridh\PycharmProjects\Robot Framework\Tests\Facebook\FunctionalTestSuite\Login.robot">
<test id="s1-t1" name="Login screen test" line="7">
<kw name="Log" library="BuiltIn">
<arg>hello</arg>
<doc>Logs the given message with the given level.</doc>
<msg timestamp="20220407 09:38:44.579" level="INFO">hello</msg>
<status status="PASS" starttime="20220407 09:38:44.579" endtime="20220407 09:38:44.579"/>
</kw>
<doc>this is login screen</doc>
<tag>user</tag>
<status status="PASS" starttime="20220407 09:38:44.578" endtime="20220407 09:38:44.580"/>
</test>
<test id="s1-t2" name="registration screen test" line="12">
<kw name="Log" library="BuiltIn">
<arg>sucess</arg>
<doc>Logs the given message with the given level.</doc>
<msg timestamp="20220407 09:38:44.581" level="INFO">sucess</msg>
<status status="PASS" starttime="20220407 09:38:44.581" endtime="20220407 09:38:44.581"/>
</kw>
<doc>this is reg screen</doc>
<tag>user</tag>
<status status="PASS" starttime="20220407 09:38:44.580" endtime="20220407 09:38:44.581"/>
</test>
<status status="PASS" starttime="20220407 09:38:44.357" endtime="20220407 09:38:44.582"/>
</suite>
<statistics>
<total>
<stat pass="2" fail="0" skip="0">All Tests</stat>
</total>
<tag>
<stat pass="2" fail="0" skip="0">user</stat>
</tag>
<suite>
<stat pass="2" fail="0" skip="0" id="s1" name="Login">Login</stat>
</suite>
</statistics>
<errors>
</errors>
</robot>
